CRITICAL - 2025-11-25 14:51:17 --> ErrorException: Undefined variable $judul
[Method: GET, Route: masuk/edit/20]
in APPPATH\Views\layout\v_header.php on line 12.
 1 APPPATH\Views\layout\v_header.php(12): CodeIgniter\Debug\Exceptions->errorHandler(2, 'Undefined variable $judul', 'C:\\laragon\\www\\ci4inventory\\app\\Views\\layout\\v_header.php', 12)
 2 SYSTEMPATH\View\View.php(226): include('C:\\laragon\\www\\ci4inventory\\app\\Views\\layout\\v_header.php')
 3 SYSTEMPATH\View\View.php(229): CodeIgniter\View\View->CodeIgniter\View\{closure}()
 4 SYSTEMPATH\Common.php(1167): CodeIgniter\View\View->render('layout/v_header', [], true)
 5 APPPATH\Controllers\Masuk.php(42): view('layout/v_header', [...])
 6 SYSTEMPATH\CodeIgniter.php(933): App\Controllers\masuk->edit('20')
 7 SYSTEMPATH\CodeIgniter.php(507): CodeIgniter\CodeIgniter->runController(Object(App\Controllers\masuk))
 8 SYSTEMPATH\CodeIgniter.php(354): CodeIgniter\CodeIgniter->handleRequest(null, Object(Config\Cache), false)
 9 SYSTEMPATH\Boot.php(363): CodeIgniter\CodeIgniter->run()
10 SYSTEMPATH\Boot.php(68): CodeIgniter\Boot::runCodeIgniter(Object(CodeIgniter\CodeIgniter))
11 FCPATH\index.php(59): CodeIgniter\Boot::bootWeb(Object(Config\Paths))
CRITICAL - 2025-11-25 14:51:27 --> ErrorException: Undefined variable $judul
[Method: GET, Route: masuk/edit/20]
in APPPATH\Views\layout\v_header.php on line 12.
 1 APPPATH\Views\layout\v_header.php(12): CodeIgniter\Debug\Exceptions->errorHandler(2, 'Undefined variable $judul', 'C:\\laragon\\www\\ci4inventory\\app\\Views\\layout\\v_header.php', 12)
 2 SYSTEMPATH\View\View.php(226): include('C:\\laragon\\www\\ci4inventory\\app\\Views\\layout\\v_header.php')
 3 SYSTEMPATH\View\View.php(229): CodeIgniter\View\View->CodeIgniter\View\{closure}()
 4 SYSTEMPATH\Common.php(1167): CodeIgniter\View\View->render('layout/v_header', [], true)
 5 APPPATH\Controllers\Masuk.php(42): view('layout/v_header', [...])
 6 SYSTEMPATH\CodeIgniter.php(933): App\Controllers\masuk->edit('20')
 7 SYSTEMPATH\CodeIgniter.php(507): CodeIgniter\CodeIgniter->runController(Object(App\Controllers\masuk))
 8 SYSTEMPATH\CodeIgniter.php(354): CodeIgniter\CodeIgniter->handleRequest(null, Object(Config\Cache), false)
 9 SYSTEMPATH\Boot.php(363): CodeIgniter\CodeIgniter->run()
10 SYSTEMPATH\Boot.php(68): CodeIgniter\Boot::runCodeIgniter(Object(CodeIgniter\CodeIgniter))
11 FCPATH\index.php(59): CodeIgniter\Boot::bootWeb(Object(Config\Paths))
