CRITICAL - 2025-12-06 04:41:49 --> ErrorException: Undefined variable $judul
[Method: GET, Route: export/stock/excel]
in APPPATH\Views\export\stock.php on line 5.
 1 APPPATH\Views\export\stock.php(5): CodeIgniter\Debug\Exceptions->errorHandler(2, 'Undefined variable $judul', 'C:\\laragon\\www\\ci4inventory\\app\\Views\\export\\stock.php', 5)
 2 SYSTEMPATH\View\View.php(226): include('C:\\laragon\\www\\ci4inventory\\app\\Views\\export\\stock.php')
 3 SYSTEMPATH\View\View.php(229): CodeIgniter\View\View->CodeIgniter\View\{closure}()
 4 SYSTEMPATH\Common.php(1167): CodeIgniter\View\View->render('export/stock', [], true)
 5 APPPATH\Controllers\Export.php(99): view('export/stock', [...])
 6 SYSTEMPATH\CodeIgniter.php(933): App\Controllers\Export->stock_excel()
 7 SYSTEMPATH\CodeIgniter.php(507): CodeIgniter\CodeIgniter->runController(Object(App\Controllers\Export))
 8 SYSTEMPATH\CodeIgniter.php(354): CodeIgniter\CodeIgniter->handleRequest(null, Object(Config\Cache), false)
 9 SYSTEMPATH\Boot.php(363): CodeIgniter\CodeIgniter->run()
10 SYSTEMPATH\Boot.php(68): CodeIgniter\Boot::runCodeIgniter(Object(CodeIgniter\CodeIgniter))
11 FCPATH\index.php(59): CodeIgniter\Boot::bootWeb(Object(Config\Paths))
CRITICAL - 2025-12-06 04:41:52 --> ErrorException: Undefined variable $judul
[Method: GET, Route: export/stock/excel]
in APPPATH\Views\export\stock.php on line 5.
 1 APPPATH\Views\export\stock.php(5): CodeIgniter\Debug\Exceptions->errorHandler(2, 'Undefined variable $judul', 'C:\\laragon\\www\\ci4inventory\\app\\Views\\export\\stock.php', 5)
 2 SYSTEMPATH\View\View.php(226): include('C:\\laragon\\www\\ci4inventory\\app\\Views\\export\\stock.php')
 3 SYSTEMPATH\View\View.php(229): CodeIgniter\View\View->CodeIgniter\View\{closure}()
 4 SYSTEMPATH\Common.php(1167): CodeIgniter\View\View->render('export/stock', [], true)
 5 APPPATH\Controllers\Export.php(99): view('export/stock', [...])
 6 SYSTEMPATH\CodeIgniter.php(933): App\Controllers\Export->stock_excel()
 7 SYSTEMPATH\CodeIgniter.php(507): CodeIgniter\CodeIgniter->runController(Object(App\Controllers\Export))
 8 SYSTEMPATH\CodeIgniter.php(354): CodeIgniter\CodeIgniter->handleRequest(null, Object(Config\Cache), false)
 9 SYSTEMPATH\Boot.php(363): CodeIgniter\CodeIgniter->run()
10 SYSTEMPATH\Boot.php(68): CodeIgniter\Boot::runCodeIgniter(Object(CodeIgniter\CodeIgniter))
11 FCPATH\index.php(59): CodeIgniter\Boot::bootWeb(Object(Config\Paths))
CRITICAL - 2025-12-06 04:44:05 --> ErrorException: Undefined variable $judul
[Method: GET, Route: export/stock/excel]
in APPPATH\Views\export\stock.php on line 5.
 1 APPPATH\Views\export\stock.php(5): CodeIgniter\Debug\Exceptions->errorHandler(2, 'Undefined variable $judul', 'C:\\laragon\\www\\ci4inventory\\app\\Views\\export\\stock.php', 5)
 2 SYSTEMPATH\View\View.php(226): include('C:\\laragon\\www\\ci4inventory\\app\\Views\\export\\stock.php')
 3 SYSTEMPATH\View\View.php(229): CodeIgniter\View\View->CodeIgniter\View\{closure}()
 4 SYSTEMPATH\Common.php(1167): CodeIgniter\View\View->render('export/stock', [], true)
 5 APPPATH\Controllers\Export.php(99): view('export/stock', [...])
 6 SYSTEMPATH\CodeIgniter.php(933): App\Controllers\Export->stock_excel()
 7 SYSTEMPATH\CodeIgniter.php(507): CodeIgniter\CodeIgniter->runController(Object(App\Controllers\Export))
 8 SYSTEMPATH\CodeIgniter.php(354): CodeIgniter\CodeIgniter->handleRequest(null, Object(Config\Cache), false)
 9 SYSTEMPATH\Boot.php(363): CodeIgniter\CodeIgniter->run()
10 SYSTEMPATH\Boot.php(68): CodeIgniter\Boot::runCodeIgniter(Object(CodeIgniter\CodeIgniter))
11 FCPATH\index.php(59): CodeIgniter\Boot::bootWeb(Object(Config\Paths))
CRITICAL - 2025-12-06 04:44:07 --> ErrorException: Undefined variable $judul
[Method: GET, Route: export/stock/excel]
in APPPATH\Views\export\stock.php on line 5.
 1 APPPATH\Views\export\stock.php(5): CodeIgniter\Debug\Exceptions->errorHandler(2, 'Undefined variable $judul', 'C:\\laragon\\www\\ci4inventory\\app\\Views\\export\\stock.php', 5)
 2 SYSTEMPATH\View\View.php(226): include('C:\\laragon\\www\\ci4inventory\\app\\Views\\export\\stock.php')
 3 SYSTEMPATH\View\View.php(229): CodeIgniter\View\View->CodeIgniter\View\{closure}()
 4 SYSTEMPATH\Common.php(1167): CodeIgniter\View\View->render('export/stock', [], true)
 5 APPPATH\Controllers\Export.php(99): view('export/stock', [...])
 6 SYSTEMPATH\CodeIgniter.php(933): App\Controllers\Export->stock_excel()
 7 SYSTEMPATH\CodeIgniter.php(507): CodeIgniter\CodeIgniter->runController(Object(App\Controllers\Export))
 8 SYSTEMPATH\CodeIgniter.php(354): CodeIgniter\CodeIgniter->handleRequest(null, Object(Config\Cache), false)
 9 SYSTEMPATH\Boot.php(363): CodeIgniter\CodeIgniter->run()
10 SYSTEMPATH\Boot.php(68): CodeIgniter\Boot::runCodeIgniter(Object(CodeIgniter\CodeIgniter))
11 FCPATH\index.php(59): CodeIgniter\Boot::bootWeb(Object(Config\Paths))
CRITICAL - 2025-12-06 04:44:12 --> ErrorException: Undefined variable $judul
[Method: GET, Route: export/stock/excel]
in APPPATH\Views\export\stock.php on line 5.
 1 APPPATH\Views\export\stock.php(5): CodeIgniter\Debug\Exceptions->errorHandler(2, 'Undefined variable $judul', 'C:\\laragon\\www\\ci4inventory\\app\\Views\\export\\stock.php', 5)
 2 SYSTEMPATH\View\View.php(226): include('C:\\laragon\\www\\ci4inventory\\app\\Views\\export\\stock.php')
 3 SYSTEMPATH\View\View.php(229): CodeIgniter\View\View->CodeIgniter\View\{closure}()
 4 SYSTEMPATH\Common.php(1167): CodeIgniter\View\View->render('export/stock', [], true)
 5 APPPATH\Controllers\Export.php(99): view('export/stock', [...])
 6 SYSTEMPATH\CodeIgniter.php(933): App\Controllers\Export->stock_excel()
 7 SYSTEMPATH\CodeIgniter.php(507): CodeIgniter\CodeIgniter->runController(Object(App\Controllers\Export))
 8 SYSTEMPATH\CodeIgniter.php(354): CodeIgniter\CodeIgniter->handleRequest(null, Object(Config\Cache), false)
 9 SYSTEMPATH\Boot.php(363): CodeIgniter\CodeIgniter->run()
10 SYSTEMPATH\Boot.php(68): CodeIgniter\Boot::runCodeIgniter(Object(CodeIgniter\CodeIgniter))
11 FCPATH\index.php(59): CodeIgniter\Boot::bootWeb(Object(Config\Paths))
